2025-12-25 15:23:42 - [User: ram] - Login attempt received
2025-12-25 15:23:42 - [User: ram] - Login successful. Redirecting to ../home_manager.php?login=success
2025-12-25 15:25:25 - [User: admin] - Login attempt received
2025-12-25 15:25:25 - [User: admin] - Login successful. Redirecting to ../admin/admin_home.php?login=success
2025-12-25 15:26:10 - [User: ram] - Login attempt received
2025-12-25 15:26:10 - [User: ram] - Login successful. Redirecting to ../home_manager.php?login=success
2025-12-25 15:28:53 - [User: admin] - Login attempt received
2025-12-25 15:28:53 - [User: admin] - Login successful. Redirecting to ../admin/admin_home.php?login=success
2025-12-25 15:31:21 - [User: admin] - Login attempt received
2025-12-25 15:31:21 - [User: admin] - Login successful. Redirecting to ../admin/admin_home.php?login=success
2025-12-25 16:10:17 - [User: ram] - Login attempt received
2025-12-25 16:10:17 - [User: ram] - Login successful. Redirecting to ../home_manager.php?login=success
2025-12-25 16:11:08 - [User: RamB] - Login attempt received
2025-12-25 16:11:08 - [User: RamB] - Login successful. Redirecting to ../home_manager.php?login=success
2025-12-25 16:13:32 - [User: ram] - Login attempt received
2025-12-25 16:13:32 - [User: ram] - Login successful. Redirecting to ../home_manager.php?login=success
2025-12-25 16:18:07 - [User: ram] - Login attempt received
2025-12-25 16:18:07 - [User: ram] - Login successful. Redirecting to ../home_manager.php?login=success
2025-12-25 16:46:42 - [User: RamB] - Login attempt received
2025-12-25 16:46:42 - [User: RamB] - Login successful. Redirecting to ../home_manager.php?login=success
2025-12-26 07:23:51 - [User: ram] - Login attempt received
2025-12-26 07:23:51 - [User: ram] - Login successful. Redirecting to ../home_manager.php?login=success
2025-12-26 07:24:04 - [User: RamB] - Login attempt received
2025-12-26 07:24:05 - [User: RamB] - Login successful. Redirecting to ../home_manager.php?login=success
2025-12-27 06:30:19 - [User: ram] - Login attempt received
2025-12-27 06:30:19 - [User: ram] - Login successful. Redirecting to ../home_manager.php?login=success
2025-12-27 06:44:59 - [User: admin] - Login attempt received
2025-12-27 06:45:00 - [User: admin] - Login successful. Redirecting to ../admin/admin_home.php?login=success
2025-12-27 06:47:28 - [User: ram] - Login attempt received
2025-12-27 06:47:28 - [User: ram] - Login successful. Redirecting to ../home_manager.php?login=success
2025-12-27 06:55:16 - [User: ram] - Login attempt received
2025-12-27 06:55:16 - [User: ram] - Login successful. Redirecting to ../home_manager.php?login=success
2025-12-27 06:55:39 - [User: admin] - Login attempt received
2025-12-27 06:55:39 - [User: admin] - Login successful. Redirecting to ../admin/admin_home.php?login=success
2025-12-27 06:56:25 - [User: ram] - Login attempt received
2025-12-27 06:56:25 - [User: ram] - Login successful. Redirecting to ../home_manager.php?login=success
2025-12-27 07:14:58 - [User: admin] - Login attempt received
2025-12-27 07:14:59 - [User: admin] - Login successful. Redirecting to ../admin/admin_home.php?login=success
2025-12-27 07:17:12 - [User: ram] - Login attempt received
2025-12-27 07:17:13 - [User: ram] - Login successful. Redirecting to ../home_manager.php?login=success
2025-12-27 07:22:57 - [User: ram] - Login attempt received
2025-12-27 07:22:57 - [User: ram] - Login successful. Redirecting to ../home_manager.php?login=success
2025-12-27 07:23:51 - [User: ram] - Login attempt received
2025-12-27 07:23:51 - [User: ram] - Login successful. Redirecting to ../home_manager.php?login=success
2025-12-27 07:25:15 - [User: ram] - Login attempt received
2025-12-27 07:25:15 - [User: ram] - Login successful. Redirecting to ../home_manager.php?login=success
2025-12-27 07:26:32 - [User: admin] - Login attempt received
2025-12-27 07:26:32 - [User: admin] - Login successful. Redirecting to ../admin/admin_home.php?login=success
2025-12-27 07:30:02 - [User: admin] - Login attempt received
2025-12-27 07:30:02 - [User: admin] - Login successful. Redirecting to ../admin/admin_home.php?login=success
2025-12-27 07:39:51 - [User: RamB] - Login attempt received
2025-12-27 07:39:51 - [User: RamB] - Login successful. Redirecting to ../home_manager.php?login=success
2025-12-27 08:36:16 - [User: RamB] - Login attempt received
2025-12-27 08:36:16 - [User: RamB] - Login successful. Redirecting to ../home_manager.php?login=success
2025-12-27 10:19:57 - [User: RamB] - Login attempt received
2025-12-27 10:19:57 - [User: RamB] - Login successful. Redirecting to ../home_manager.php?login=success
2025-12-27 11:18:40 - [User: RamB] - Login attempt received
2025-12-27 11:18:40 - [User: RamB] - Login successful. Redirecting to ../home_manager.php?login=success
2025-12-27 11:57:57 - [User: admin] - Login attempt received
2025-12-27 11:57:57 - [User: admin] - Login successful. Redirecting to ../admin/admin_home.php?login=success
2025-12-27 11:58:48 - [User: RamB] - Login attempt received
2025-12-27 11:58:48 - [User: RamB] - Login successful. Redirecting to ../home_manager.php?login=success
2025-12-27 15:32:19 - [User: admin] - Login attempt received
2025-12-27 15:32:19 - [User: admin] - Wrong password
2025-12-27 15:32:25 - [User: admin] - Login attempt received
2025-12-27 15:32:25 - [User: admin] - Login successful. Redirecting to ../admin/admin_home.php?login=success
2025-12-27 15:35:01 - [User: ram] - Login attempt received
2025-12-27 15:35:01 - [User: ram] - Login successful. Redirecting to ../home_manager.php?login=success
2025-12-27 15:35:25 - [User: RamB] - Login attempt received
2025-12-27 15:35:25 - [User: RamB] - Login successful. Redirecting to ../home_manager.php?login=success
2025-12-27 15:35:41 - [User: RamC] - Login attempt received
2025-12-27 15:35:41 - [User: RamC] - Wrong password
2025-12-27 15:35:54 - [User: RamC] - Login attempt received
2025-12-27 15:35:54 - [User: RamC] - Wrong password
2025-12-27 15:36:03 - [User: RamC] - Login attempt received
2025-12-27 15:36:04 - [User: RamC] - Wrong password
2025-12-27 15:36:14 - [User: RamC] - Login attempt received
2025-12-27 15:36:14 - [User: RamC] - Login successful. Redirecting to ../home_manager.php?login=success
2025-12-27 16:04:20 - [User: RamB] - Login attempt received
2025-12-27 16:04:20 - [User: RamB] - Login successful. Redirecting to ../home_manager.php?login=success
2025-12-27 16:32:20 - [User: admin] - Login attempt received
2025-12-27 16:32:20 - [User: admin] - Login successful. Redirecting to ../admin/admin_home.php?login=success
2025-12-27 16:35:55 - [User: RamB] - Login attempt received
2025-12-27 16:35:55 - [User: RamB] - Login successful. Redirecting to ../home_manager.php?login=success
2025-12-27 16:49:36 - [User: admin] - Login attempt received
2025-12-27 16:49:37 - [User: admin] - Login successful. Redirecting to ../admin/admin_home.php?login=success
2025-12-27 17:45:32 - [User: admin] - Login attempt received
2025-12-27 17:45:32 - [User: admin] - Login successful. Redirecting to ../admin/admin_home.php?login=success
2025-12-27 18:12:50 - [User: RamB] - Login attempt received
2025-12-27 18:12:50 - [User: RamB] - Login successful. Redirecting to ../home_manager.php?login=success
2025-12-27 18:16:41 - [User: admin] - Login attempt received
2025-12-27 18:16:41 - [User: admin] - Login successful. Redirecting to ../admin/admin_home.php?login=success
2025-12-27 18:17:24 - [User: RamB] - Login attempt received
2025-12-27 18:17:24 - [User: RamB] - Login successful. Redirecting to ../home_manager.php?login=success
2025-12-27 18:17:35 - [User: admin] - Login attempt received
2025-12-27 18:17:35 - [User: admin] - Login successful. Redirecting to ../admin/admin_home.php?login=success
2025-12-27 18:18:30 - [User: RamB] - Login attempt received
2025-12-27 18:18:30 - [User: RamB] - Login successful. Redirecting to ../home_manager.php?login=success
2025-12-27 18:18:54 - [User: admin] - Login attempt received
2025-12-27 18:18:54 - [User: admin] - Login successful. Redirecting to ../admin/admin_home.php?login=success
2025-12-28 11:32:28 - [User: admin] - Login attempt received
2025-12-28 11:32:28 - [User: admin] - Login successful. Redirecting to ../admin/admin_home.php?login=success
2025-12-28 11:45:59 - [User: admin] - Login attempt received
2025-12-28 11:45:59 - [User: admin] - Login successful. Redirecting to ../admin/admin_home.php?login=success
2025-12-28 11:46:36 - [User: RamC] - Login attempt received
2025-12-28 11:46:36 - [User: RamC] - Login successful. Redirecting to ../home_manager.php?login=success
2025-12-28 11:47:24 - [User: admin] - Login attempt received
2025-12-28 11:47:24 - [User: admin] - Login successful. Redirecting to ../admin/admin_home.php?login=success
2025-12-28 11:49:58 - [User: admin] - Login attempt received
2025-12-28 11:49:58 - [User: admin] - Login successful. Redirecting to ../admin/admin_home.php?login=success
2025-12-28 12:16:39 - [User: admin] - Login attempt received
2025-12-28 12:16:39 - [User: admin] - Login successful. Redirecting to ../admin/admin_home.php?login=success
2025-12-28 12:20:02 - [User: RamB] - Login attempt received
2025-12-28 12:20:03 - [User: RamB] - Login successful. Redirecting to ../home_manager.php?login=success
2025-12-28 12:21:23 - [User: admin] - Login attempt received
2025-12-28 12:21:23 - [User: admin] - Login successful. Redirecting to ../admin/admin_home.php?login=success
2025-12-28 12:26:08 - [User: RamB] - Login attempt received
2025-12-28 12:26:08 - [User: RamB] - Login successful. Redirecting to ../home_manager.php?login=success
2025-12-28 12:27:44 - [User: RamB] - Login attempt received
2025-12-28 12:27:45 - [User: RamB] - Login successful. Redirecting to ../home_manager.php?login=success
2025-12-28 15:10:21 - [User: RamB] - Login attempt received
2025-12-28 15:10:21 - [User: RamB] - Login successful. Redirecting to ../home_manager.php?login=success
2025-12-28 16:22:13 - [User: admin] - Login attempt received
2025-12-28 16:22:13 - [User: admin] - Login successful. Redirecting to ../admin/admin_home.php?login=success
2025-12-28 16:53:05 - [User: RamB] - Login attempt received
2025-12-28 16:53:05 - [User: RamB] - Login successful. Redirecting to ../home_manager.php?login=success
2025-12-28 17:01:42 - [User: admin] - Login attempt received
2025-12-28 17:01:43 - [User: admin] - Login successful. Redirecting to ../admin/admin_home.php?login=success
2025-12-28 17:07:07 - [User: RamB] - Login attempt received
2025-12-28 17:07:07 - [User: RamB] - Login successful. Redirecting to ../home_manager.php?login=success
2025-12-28 17:39:35 - [User: RamB] - Login attempt received
2025-12-28 17:39:36 - [User: RamB] - Login successful. Redirecting to ../home_manager.php?login=success
2025-12-28 18:07:34 - [User: admin] - Login attempt received
2025-12-28 18:07:34 - [User: admin] - Login successful. Redirecting to ../admin/admin_home.php?login=success
2025-12-28 18:46:51 - [User: RamB] - Login attempt received
2025-12-28 18:46:51 - [User: RamB] - Login successful. Redirecting to ../home_manager.php?login=success
2025-12-28 19:35:10 - [User: RamB] - Login attempt received
2025-12-28 19:35:10 - [User: RamB] - Login successful. Redirecting to ../home_manager.php?login=success
2025-12-28 19:35:51 - [User: admin] - Login attempt received
2025-12-28 19:35:51 - [User: admin] - Login successful. Redirecting to ../admin/admin_home.php?login=success
2025-12-29 05:56:19 - [User: RamB] - Login attempt received
2025-12-29 05:56:19 - [User: RamB] - Login successful. Redirecting to ../home_manager.php?login=success
2025-12-29 05:57:58 - [User: admin] - Login attempt received
2025-12-29 05:57:59 - [User: admin] - Login successful. Redirecting to ../admin/admin_home.php?login=success
2025-12-29 05:59:20 - [User: admin] - Login attempt received
2025-12-29 05:59:20 - [User: admin] - Login successful. Redirecting to ../admin/admin_home.php?login=success
2025-12-29 05:59:48 - [User: RamB] - Login attempt received
2025-12-29 05:59:49 - [User: RamB] - Login successful. Redirecting to ../home_manager.php?login=success
2025-12-29 07:07:42 - [User: RamB] - Login attempt received
2025-12-29 07:07:42 - [User: RamB] - Login successful. Redirecting to ../home_manager.php?login=success
2025-12-29 07:09:16 - [User: admin] - Login attempt received
2025-12-29 07:09:16 - [User: admin] - Login successful. Redirecting to ../admin/admin_home.php?login=success
2025-12-29 07:20:23 - [User: RamB] - Login attempt received
2025-12-29 07:20:23 - [User: RamB] - Login successful. Redirecting to ../home_manager.php?login=success
2025-12-29 07:22:59 - [User: RamB] - Login attempt received
2025-12-29 07:23:00 - [User: RamB] - Login successful. Redirecting to ../home_manager.php?login=success
2025-12-29 07:25:06 - [User: admin] - Login attempt received
2025-12-29 07:25:06 - [User: admin] - Login successful. Redirecting to ../admin/admin_home.php?login=success
2025-12-29 07:31:15 - [User: RamC] - Login attempt received
2025-12-29 07:31:15 - [User: RamC] - Login successful. Redirecting to ../home_manager.php?login=success
2025-12-29 14:57:17 - [User: RamB] - Login attempt received
2025-12-29 14:57:17 - [User: RamB] - Login successful. Redirecting to ../home_manager.php?login=success
2025-12-29 15:22:57 - [User: RamC] - Login attempt received
2025-12-29 15:22:57 - [User: RamC] - Login successful. Redirecting to ../home_manager.php?login=success
2025-12-29 17:28:32 - [User: RamC] - Login attempt received
2025-12-29 17:28:32 - [User: RamC] - Login successful. Redirecting to ../home_manager.php?login=success
2025-12-29 17:58:04 - [User: RamB] - Login attempt received
2025-12-29 17:58:04 - [User: RamB] - Login successful. Redirecting to ../home_manager.php?login=success
2025-12-29 18:27:22 - [User: admin] - Login attempt received
2025-12-29 18:27:22 - [User: admin] - Login successful. Redirecting to ../admin/admin_home.php?login=success
2025-12-29 18:43:02 - [User: RamB] - Login attempt received
2025-12-29 18:43:02 - [User: RamB] - Login successful. Redirecting to ../home_manager.php?login=success
2025-12-29 18:50:21 - [User: admin] - Login attempt received
2025-12-29 18:50:21 - [User: admin] - Login successful. Redirecting to ../admin/admin_home.php?login=success
2025-12-29 19:16:57 - [User: RamB] - Login attempt received
2025-12-29 19:16:57 - [User: RamB] - Login successful. Redirecting to ../home_manager.php?login=success
2025-12-30 04:30:51 - [User: ram] - Login attempt received
2025-12-30 04:30:51 - [User: ram] - No user found
2025-12-30 04:31:03 - [User: RamA] - Login attempt received
2025-12-30 04:31:03 - [User: RamA] - Wrong password
2025-12-30 04:31:13 - [User: RamA] - Login attempt received
2025-12-30 04:31:14 - [User: RamA] - Login successful. Redirecting to ../home_manager.php?login=success
2025-12-30 05:59:08 - [User: RamA] - Login attempt received
2025-12-30 05:59:08 - [User: RamA] - Login successful. Redirecting to ../home_manager.php?login=success
2025-12-30 14:50:34 - [User: RamB] - Login attempt received
2025-12-30 14:50:35 - [User: RamB] - Login successful. Redirecting to ../home_manager.php?login=success
2025-12-30 14:56:26 - [User: RamC] - Login attempt received
2025-12-30 14:56:26 - [User: RamC] - Login successful. Redirecting to ../home_manager.php?login=success
2026-01-01 09:09:33 - [User: RamA] - Login attempt received
2026-01-01 09:09:33 - [User: RamA] - Wrong password
2026-01-01 09:09:44 - [User: RamA] - Login attempt received
2026-01-01 09:09:44 - [User: RamA] - Login successful. Redirecting to ../home_manager.php?login=success
2026-01-01 20:49:55 - [User: RamB] - Login attempt received
2026-01-01 20:49:55 - [User: RamB] - Login successful. Redirecting to ../home_manager.php?login=success
2026-01-06 15:21:51 - [User: RamB] - Login attempt received
2026-01-06 15:21:51 - [User: RamB] - Login successful. Redirecting to ../home_manager.php?login=success
2026-01-06 15:35:15 - [User: ram] - Login attempt received
2026-01-06 15:35:15 - [User: ram] - No user found
2026-01-06 15:35:29 - [User: RamA] - Login attempt received
2026-01-06 15:35:29 - [User: RamA] - Login successful. Redirecting to ../home_manager.php?login=success
2026-01-06 15:37:07 - [User: admin] - Login attempt received
2026-01-06 15:37:07 - [User: admin] - Login successful. Redirecting to ../admin/admin_home.php?login=success
2026-01-07 06:58:13 - [User: RamA] - Login attempt received
2026-01-07 06:58:13 - [User: RamA] - Login successful. Redirecting to ../home_manager.php?login=success
2026-01-07 06:58:55 - [User: admin] - Login attempt received
2026-01-07 06:58:55 - [User: admin] - Login successful. Redirecting to ../admin/admin_home.php?login=success
2026-01-17 14:28:48 - [User: RamA] - Login attempt received
2026-01-17 14:28:48 - [User: RamA] - Login successful. Redirecting to ../home_manager.php?login=success
2026-01-17 14:29:31 - [User: admin] - Login attempt received
2026-01-17 14:29:31 - [User: admin] - Login successful. Redirecting to ../admin/admin_home.php?login=success
2026-01-17 15:21:23 - [User: admin] - Login attempt received
2026-01-17 15:21:23 - [User: admin] - Login successful. Redirecting to ../admin/admin_home.php?login=success
2026-01-17 15:24:18 - [User: admin] - Login attempt received
2026-01-17 15:24:18 - [User: admin] - Login successful. Redirecting to ../admin/admin_home.php?login=success
2026-01-18 04:22:56 - [User: RamB] - Login attempt received
2026-01-18 04:22:56 - [User: RamB] - Login successful. Redirecting to ../home_manager.php?login=success
2026-01-18 04:23:28 - [User: RamA] - Login attempt received
2026-01-18 04:23:29 - [User: RamA] - Login successful. Redirecting to ../home_manager.php?login=success
2026-01-18 04:24:40 - [User: admin] - Login attempt received
2026-01-18 04:24:40 - [User: admin] - Login successful. Redirecting to ../admin/admin_home.php?login=success
2026-01-22 14:34:29 - [User: RamC] - Login attempt received
2026-01-22 14:34:29 - [User: RamC] - Login successful. Redirecting to ../home_manager.php?login=success
2026-01-22 14:41:39 - [User: RamC] - Login attempt received
2026-01-22 14:41:39 - [User: RamC] - Login successful. Redirecting to ../home_manager.php?login=success
2026-01-22 14:49:13 - [User: admin] - Login attempt received
2026-01-22 14:49:13 - [User: admin] - Login successful. Redirecting to ../admin/admin_home.php?login=success
2026-01-25 04:06:18 - [User: RamC] - Login attempt received
2026-01-25 04:06:18 - [User: RamC] - Login successful. Redirecting to ../home_manager.php?login=success
2026-01-25 10:51:34 - [User: RamA] - Login attempt received
2026-01-25 10:51:34 - [User: RamA] - Login successful. Redirecting to ../home_manager.php?login=success
2026-01-25 10:52:36 - [User: admin] - Login attempt received
2026-01-25 10:52:36 - [User: admin] - Login successful. Redirecting to ../admin/admin_home.php?login=success
2026-01-25 14:19:52 - [User: RamA] - Login attempt received
2026-01-25 14:19:52 - [User: RamA] - Login successful. Redirecting to ../home_manager.php?login=success
2026-01-25 14:23:53 - [User: RamB] - Login attempt received
2026-01-25 14:23:53 - [User: RamB] - Login successful. Redirecting to ../home_manager.php?login=success
